[27-Mar-2025 20:52:23 Europe/Berlin] Raw Quiz Submission Input: {"lesson_id":"1","assignment_id":"2","answers":{"q3":"25"}}
[27-Mar-2025 20:52:23 Europe/Berlin] Submitted Answers: Array
(
    [q3] => 25
)

[27-Mar-2025 20:52:23 Europe/Berlin] Diagnostic Query Details:
[27-Mar-2025 20:52:23 Europe/Berlin] Question ID: 3
[27-Mar-2025 20:52:23 Europe/Berlin] Assignment ID: 2
[27-Mar-2025 20:52:23 Europe/Berlin] Number of Rows Found: 4
[27-Mar-2025 20:52:23 Europe/Berlin] Matching Row: Array
(
    [question_id] => 3
    [assignment_id] => 2
    [question_text] => Hello
    [option_id] => 25
    [option_text] => Hi
    [is_correct] => 1
)

[27-Mar-2025 20:53:30 Europe/Berlin] Raw Quiz Submission Input: {"lesson_id":"4","assignment_id":"1","answers":{"q1":"17","q2":"21"}}
[27-Mar-2025 20:53:30 Europe/Berlin] Submitted Answers: Array
(
    [q1] => 17
    [q2] => 21
)

[27-Mar-2025 20:53:30 Europe/Berlin] Diagnostic Query Details:
[27-Mar-2025 20:53:30 Europe/Berlin] Question ID: 1
[27-Mar-2025 20:53:30 Europe/Berlin] Assignment ID: 1
[27-Mar-2025 20:53:30 Europe/Berlin] Number of Rows Found: 4
[27-Mar-2025 20:53:30 Europe/Berlin] Matching Row: Array
(
    [question_id] => 1
    [assignment_id] => 1
    [question_text] => sdfs
    [option_id] => 17
    [option_text] => sdfsa
    [is_correct] => 0
)

[27-Mar-2025 20:53:30 Europe/Berlin] Diagnostic Query Details:
[27-Mar-2025 20:53:30 Europe/Berlin] Question ID: 2
[27-Mar-2025 20:53:30 Europe/Berlin] Assignment ID: 1
[27-Mar-2025 20:53:30 Europe/Berlin] Number of Rows Found: 4
[27-Mar-2025 20:53:30 Europe/Berlin] Matching Row: Array
(
    [question_id] => 2
    [assignment_id] => 1
    [question_text] => sdfsa
    [option_id] => 21
    [option_text] => asdfasdf
    [is_correct] => 0
)

[27-Mar-2025 21:06:10 Europe/Berlin] Raw Quiz Submission Input: {"lesson_id":"1","assignment_id":"2","answers":{"q3":"25"}}
[27-Mar-2025 21:06:42 Europe/Berlin] Raw Quiz Submission Input: {"lesson_id":"1","assignment_id":"2","answers":{"q3":"26"}}
[27-Mar-2025 21:07:21 Europe/Berlin] Raw Quiz Submission Input: {"lesson_id":"1","assignment_id":"2","answers":{"q3":"26"}}
[27-Mar-2025 21:07:36 Europe/Berlin] Raw Quiz Submission Input: {"lesson_id":"4","assignment_id":"1","answers":{"q1":"17","q2":"21"}}
